\BOOKMARK [0][-]{chapter.1}{Einleitung}{}% 1
\BOOKMARK [1][-]{section.1.1}{Motivation}{chapter.1}% 2
\BOOKMARK [1][-]{section.1.2}{Zielsetzung}{chapter.1}% 3
\BOOKMARK [1][-]{section.1.3}{Vorgehensweise}{chapter.1}% 4
\BOOKMARK [0][-]{chapter.2}{Wissenschaftliches Arbeiten}{}% 5
\BOOKMARK [1][-]{section.2.1}{Vorgehen}{chapter.2}% 6
\BOOKMARK [1][-]{section.2.2}{Bewertungskriterien}{chapter.2}% 7
\BOOKMARK [2][-]{subsection.2.2.1}{Bewertung schriftlicher Arbeiten}{section.2.2}% 8
\BOOKMARK [2][-]{subsection.2.2.2}{Bewertung von Pr\344sentationen im Kolloquium}{section.2.2}% 9
\BOOKMARK [1][-]{section.2.3}{Vortragstipps}{chapter.2}% 10
\BOOKMARK [0][-]{chapter.3}{Arbeiten mit LaTeX}{}% 11
\BOOKMARK [1][-]{section.3.1}{Quelltext und Bilder}{chapter.3}% 12
\BOOKMARK [2][-]{subsection.3.1.1}{XML}{section.3.1}% 13
\BOOKMARK [2][-]{subsection.3.1.2}{JAVA}{section.3.1}% 14
\BOOKMARK [2][-]{subsection.3.1.3}{Bilder}{section.3.1}% 15
\BOOKMARK [2][-]{subsection.3.1.4}{Formeln}{section.3.1}% 16
\BOOKMARK [1][-]{section.3.2}{Zeichnungen}{chapter.3}% 17
\BOOKMARK [2][-]{subsection.3.2.1}{Zustandsdiagramm}{section.3.2}% 18
\BOOKMARK [2][-]{subsection.3.2.2}{Petrinetz}{section.3.2}% 19
\BOOKMARK [2][-]{subsection.3.2.3}{Graph}{section.3.2}% 20
\BOOKMARK [1][-]{section.3.3}{Tabellen}{chapter.3}% 21
\BOOKMARK [0][-]{chapter.4}{Fazit}{}% 22
\BOOKMARK [0][-]{chapter*.10}{List of Figures}{}% 23
\BOOKMARK [0][-]{chapter*.11}{List of Tables}{}% 24
\BOOKMARK [0][-]{chapter*.12}{Listings}{}% 25
\BOOKMARK [0][-]{appendix.A}{Eidesstattliche Erkl\344rung}{}% 26
